\BOOKMARK [0][-]{chapter.1}{\376\377\0001\000\040\000F\000i\000l\000e\000\040\000I\000n\000d\000e\000x}{}% 1
\BOOKMARK [1][-]{section.1.1}{\376\377\0001\000.\0001\000\040\000F\000i\000l\000e\000\040\000L\000i\000s\000t}{chapter.1}% 2
\BOOKMARK [0][-]{chapter.2}{\376\377\0002\000\040\000F\000i\000l\000e\000\040\000D\000o\000c\000u\000m\000e\000n\000t\000a\000t\000i\000o\000n}{}% 3
\BOOKMARK [1][-]{section.2.1}{\376\377\0002\000.\0001\000\040\000s\000r\000c\000/\000h\000e\000a\000d\000e\000r\000.\000c\000\040\000F\000i\000l\000e\000\040\000R\000e\000f\000e\000r\000e\000n\000c\000e}{chapter.2}% 4
\BOOKMARK [1][-]{section.2.2}{\376\377\0002\000.\0002\000\040\000s\000r\000c\000/\000l\000o\000g\000g\000e\000r\000.\000c\000\040\000F\000i\000l\000e\000\040\000R\000e\000f\000e\000r\000e\000n\000c\000e}{chapter.2}% 5
\BOOKMARK [2][-]{subsection.2.2.1}{\376\377\0002\000.\0002\000.\0001\000\040\000F\000u\000n\000c\000t\000i\000o\000n\000\040\000D\000o\000c\000u\000m\000e\000n\000t\000a\000t\000i\000o\000n}{section.2.2}% 6
\BOOKMARK [3][-]{subsubsection.2.2.1.1}{\376\377\0002\000.\0002\000.\0001\000.\0001\000\040\000l\000o\000g\000E\000r\000r\000o\000r\000\050\000\051}{subsection.2.2.1}% 7
\BOOKMARK [3][-]{subsubsection.2.2.1.2}{\376\377\0002\000.\0002\000.\0001\000.\0002\000\040\000l\000o\000g\000g\000e\000r\000C\000l\000o\000s\000e\000\050\000\051}{subsection.2.2.1}% 8
\BOOKMARK [3][-]{subsubsection.2.2.1.3}{\376\377\0002\000.\0002\000.\0001\000.\0003\000\040\000l\000o\000g\000g\000e\000r\000I\000n\000i\000t\000\050\000\051}{subsection.2.2.1}% 9
\BOOKMARK [3][-]{subsubsection.2.2.1.4}{\376\377\0002\000.\0002\000.\0001\000.\0004\000\040\000l\000o\000g\000M\000e\000s\000s\000a\000g\000e\000\050\000\051}{subsection.2.2.1}% 10
\BOOKMARK [3][-]{subsubsection.2.2.1.5}{\376\377\0002\000.\0002\000.\0001\000.\0005\000\040\000l\000o\000g\000R\000e\000q\000u\000e\000s\000t\000\050\000\051}{subsection.2.2.1}% 11
\BOOKMARK [3][-]{subsubsection.2.2.1.6}{\376\377\0002\000.\0002\000.\0001\000.\0006\000\040\000l\000o\000g\000R\000e\000s\000p\000o\000n\000s\000e\000\050\000\051}{subsection.2.2.1}% 12
\BOOKMARK [1][-]{section.2.3}{\376\377\0002\000.\0003\000\040\000s\000r\000c\000/\000m\000a\000i\000n\000.\000c\000\040\000F\000i\000l\000e\000\040\000R\000e\000f\000e\000r\000e\000n\000c\000e}{chapter.2}% 13
\BOOKMARK [2][-]{subsection.2.3.1}{\376\377\0002\000.\0003\000.\0001\000\040\000F\000u\000n\000c\000t\000i\000o\000n\000\040\000D\000o\000c\000u\000m\000e\000n\000t\000a\000t\000i\000o\000n}{section.2.3}% 14
\BOOKMARK [3][-]{subsubsection.2.3.1.1}{\376\377\0002\000.\0003\000.\0001\000.\0001\000\040\000f\000i\000n\000i\000s\000h\000S\000e\000r\000v\000e\000r\000\050\000\051}{subsection.2.3.1}% 15
\BOOKMARK [3][-]{subsubsection.2.3.1.2}{\376\377\0002\000.\0003\000.\0001\000.\0002\000\040\000i\000n\000i\000t\000S\000e\000r\000v\000e\000r\000\050\000\051}{subsection.2.3.1}% 16
\BOOKMARK [3][-]{subsubsection.2.3.1.3}{\376\377\0002\000.\0003\000.\0001\000.\0003\000\040\000i\000n\000t\000e\000r\000n\000a\000l\000S\000e\000r\000v\000e\000r\000E\000r\000r\000o\000r\000R\000e\000q\000u\000e\000s\000t\000\050\000\051}{subsection.2.3.1}% 17
\BOOKMARK [3][-]{subsubsection.2.3.1.4}{\376\377\0002\000.\0003\000.\0001\000.\0004\000\040\000m\000a\000i\000n\000\050\000\051}{subsection.2.3.1}% 18
\BOOKMARK [2][-]{subsection.2.3.2}{\376\377\0002\000.\0003\000.\0002\000\040\000V\000a\000r\000i\000a\000b\000l\000e\000\040\000D\000o\000c\000u\000m\000e\000n\000t\000a\000t\000i\000o\000n}{section.2.3}% 19
\BOOKMARK [3][-]{subsubsection.2.3.2.1}{\376\377\0002\000.\0003\000.\0002\000.\0001\000\040\000l\000o\000g\000g\000e\000r}{subsection.2.3.2}% 20
\BOOKMARK [3][-]{subsubsection.2.3.2.2}{\376\377\0002\000.\0003\000.\0002\000.\0002\000\040\000s\000o\000c\000k\000e\000t\000D\000e\000s\000c}{subsection.2.3.2}% 21
\BOOKMARK [3][-]{subsubsection.2.3.2.3}{\376\377\0002\000.\0003\000.\0002\000.\0003\000\040\000y\000y\000d\000e\000b\000u\000g}{subsection.2.3.2}% 22
\BOOKMARK [1][-]{section.2.4}{\376\377\0002\000.\0004\000\040\000s\000r\000c\000/\000p\000a\000r\000s\000e\000r\000.\000c\000\040\000F\000i\000l\000e\000\040\000R\000e\000f\000e\000r\000e\000n\000c\000e}{chapter.2}% 23
\BOOKMARK [2][-]{subsection.2.4.1}{\376\377\0002\000.\0004\000.\0001\000\040\000T\000y\000p\000e\000d\000e\000f\000\040\000D\000o\000c\000u\000m\000e\000n\000t\000a\000t\000i\000o\000n}{section.2.4}% 24
\BOOKMARK [3][-]{subsubsection.2.4.1.1}{\376\377\0002\000.\0004\000.\0001\000.\0001\000\040\000Y\000Y\000\137\000B\000U\000F\000F\000E\000R\000\137\000S\000T\000A\000T\000E}{subsection.2.4.1}% 25
\BOOKMARK [2][-]{subsection.2.4.2}{\376\377\0002\000.\0004\000.\0002\000\040\000F\000u\000n\000c\000t\000i\000o\000n\000\040\000D\000o\000c\000u\000m\000e\000n\000t\000a\000t\000i\000o\000n}{section.2.4}% 26
\BOOKMARK [3][-]{subsubsection.2.4.2.1}{\376\377\0002\000.\0004\000.\0002\000.\0001\000\040\000p\000a\000r\000s\000e\000R\000e\000q\000u\000e\000s\000t\000\050\000\051}{subsection.2.4.2}% 27
\BOOKMARK [3][-]{subsubsection.2.4.2.2}{\376\377\0002\000.\0004\000.\0002\000.\0002\000\040\000p\000i\000c\000k\000R\000e\000q\000u\000e\000s\000t\000\050\000\051}{subsection.2.4.2}% 28
\BOOKMARK [3][-]{subsubsection.2.4.2.3}{\376\377\0002\000.\0004\000.\0002\000.\0003\000\040\000y\000y\000\137\000d\000e\000l\000e\000t\000e\000\137\000b\000u\000f\000f\000e\000r\000\050\000\051}{subsection.2.4.2}% 29
\BOOKMARK [3][-]{subsubsection.2.4.2.4}{\376\377\0002\000.\0004\000.\0002\000.\0004\000\040\000y\000y\000\137\000s\000c\000a\000n\000\137\000s\000t\000r\000i\000n\000g\000\050\000\051}{subsection.2.4.2}% 30
\BOOKMARK [3][-]{subsubsection.2.4.2.5}{\376\377\0002\000.\0004\000.\0002\000.\0005\000\040\000y\000y\000p\000a\000r\000s\000e\000\050\000\051}{subsection.2.4.2}% 31
\BOOKMARK [1][-]{section.2.5}{\376\377\0002\000.\0005\000\040\000s\000r\000c\000/\000p\000r\000o\000c\000e\000s\000s\000.\000c\000\040\000F\000i\000l\000e\000\040\000R\000e\000f\000e\000r\000e\000n\000c\000e}{chapter.2}% 32
\BOOKMARK [2][-]{subsection.2.5.1}{\376\377\0002\000.\0005\000.\0001\000\040\000F\000u\000n\000c\000t\000i\000o\000n\000\040\000D\000o\000c\000u\000m\000e\000n\000t\000a\000t\000i\000o\000n}{section.2.5}% 33
\BOOKMARK [3][-]{subsubsection.2.5.1.1}{\376\377\0002\000.\0005\000.\0001\000.\0001\000\040\000g\000e\000t\000R\000e\000q\000u\000e\000s\000t\000\050\000\051}{subsection.2.5.1}% 34
\BOOKMARK [3][-]{subsubsection.2.5.1.2}{\376\377\0002\000.\0005\000.\0001\000.\0002\000\040\000h\000e\000a\000d\000R\000e\000q\000u\000e\000s\000t\000\050\000\051}{subsection.2.5.1}% 35
\BOOKMARK [3][-]{subsubsection.2.5.1.3}{\376\377\0002\000.\0005\000.\0001\000.\0003\000\040\000o\000p\000t\000i\000o\000n\000s\000R\000e\000q\000u\000e\000s\000t\000\050\000\051}{subsection.2.5.1}% 36
\BOOKMARK [3][-]{subsubsection.2.5.1.4}{\376\377\0002\000.\0005\000.\0001\000.\0004\000\040\000p\000r\000o\000c\000e\000s\000s\000R\000e\000q\000u\000e\000s\000t\000\050\000\051}{subsection.2.5.1}% 37
\BOOKMARK [3][-]{subsubsection.2.5.1.5}{\376\377\0002\000.\0005\000.\0001\000.\0005\000\040\000r\000e\000s\000p\000o\000n\000s\000e\000E\000r\000r\000o\000r\000\050\000\051}{subsection.2.5.1}% 38
\BOOKMARK [3][-]{subsubsection.2.5.1.6}{\376\377\0002\000.\0005\000.\0001\000.\0006\000\040\000r\000e\000s\000p\000o\000n\000s\000e\000H\000e\000a\000d\000e\000r\000\050\000\051}{subsection.2.5.1}% 39
\BOOKMARK [3][-]{subsubsection.2.5.1.7}{\376\377\0002\000.\0005\000.\0001\000.\0007\000\040\000t\000r\000a\000c\000e\000R\000e\000q\000u\000e\000s\000t\000\050\000\051}{subsection.2.5.1}% 40
\BOOKMARK [2][-]{subsection.2.5.2}{\376\377\0002\000.\0005\000.\0002\000\040\000V\000a\000r\000i\000a\000b\000l\000e\000\040\000D\000o\000c\000u\000m\000e\000n\000t\000a\000t\000i\000o\000n}{section.2.5}% 41
\BOOKMARK [3][-]{subsubsection.2.5.2.1}{\376\377\0002\000.\0005\000.\0002\000.\0001\000\040\000b\000a\000s\000e\000P\000a\000t\000h}{subsection.2.5.2}% 42
\BOOKMARK [1][-]{section.2.6}{\376\377\0002\000.\0006\000\040\000s\000r\000c\000/\000r\000e\000q\000u\000e\000s\000t\000.\000c\000\040\000F\000i\000l\000e\000\040\000R\000e\000f\000e\000r\000e\000n\000c\000e}{chapter.2}% 43
\BOOKMARK [2][-]{subsection.2.6.1}{\376\377\0002\000.\0006\000.\0001\000\040\000F\000u\000n\000c\000t\000i\000o\000n\000\040\000D\000o\000c\000u\000m\000e\000n\000t\000a\000t\000i\000o\000n}{section.2.6}% 44
\BOOKMARK [3][-]{subsubsection.2.6.1.1}{\376\377\0002\000.\0006\000.\0001\000.\0001\000\040\000a\000d\000d\000H\000e\000a\000d\000e\000r\000s\0002\000R\000e\000q\000u\000e\000s\000t\000\050\000\051}{subsection.2.6.1}% 45
\BOOKMARK [3][-]{subsubsection.2.6.1.2}{\376\377\0002\000.\0006\000.\0001\000.\0002\000\040\000a\000d\000d\000P\000a\000y\000l\000o\000a\000d\0002\000R\000e\000q\000u\000e\000s\000t\000\050\000\051}{subsection.2.6.1}% 46
\BOOKMARK [3][-]{subsubsection.2.6.1.3}{\376\377\0002\000.\0006\000.\0001\000.\0003\000\040\000c\000r\000e\000a\000t\000e\000R\000e\000q\000u\000e\000s\000t\000\050\000\051}{subsection.2.6.1}% 47
\BOOKMARK [3][-]{subsubsection.2.6.1.4}{\376\377\0002\000.\0006\000.\0001\000.\0004\000\040\000f\000i\000n\000d\000C\000o\000n\000n\000e\000c\000t\000i\000o\000n\000\050\000\051}{subsection.2.6.1}% 48
\BOOKMARK [3][-]{subsubsection.2.6.1.5}{\376\377\0002\000.\0006\000.\0001\000.\0005\000\040\000f\000r\000e\000e\000R\000e\000q\000u\000e\000s\000t\000\050\000\051}{subsection.2.6.1}% 49
\BOOKMARK [3][-]{subsubsection.2.6.1.6}{\376\377\0002\000.\0006\000.\0001\000.\0006\000\040\000g\000e\000t\000R\000e\000q\000u\000e\000s\000t\000T\000y\000p\000e\000\050\000\051}{subsection.2.6.1}% 50
\BOOKMARK [3][-]{subsubsection.2.6.1.7}{\376\377\0002\000.\0006\000.\0001\000.\0007\000\040\000p\000r\000i\000n\000t\000R\000e\000q\000u\000e\000s\000t\000\050\000\051}{subsection.2.6.1}% 51
\BOOKMARK [1][-]{section.2.7}{\376\377\0002\000.\0007\000\040\000s\000r\000c\000/\000r\000e\000s\000p\000o\000n\000s\000e\000.\000c\000\040\000F\000i\000l\000e\000\040\000R\000e\000f\000e\000r\000e\000n\000c\000e}{chapter.2}% 52
\BOOKMARK [2][-]{subsection.2.7.1}{\376\377\0002\000.\0007\000.\0001\000\040\000F\000u\000n\000c\000t\000i\000o\000n\000\040\000D\000o\000c\000u\000m\000e\000n\000t\000a\000t\000i\000o\000n}{section.2.7}% 53
\BOOKMARK [3][-]{subsubsection.2.7.1.1}{\376\377\0002\000.\0007\000.\0001\000.\0001\000\040\000a\000d\000d\000H\000e\000a\000d\000e\000r\000s\0002\000R\000e\000s\000p\000o\000n\000s\000e\000\050\000\051}{subsection.2.7.1}% 54
\BOOKMARK [3][-]{subsubsection.2.7.1.2}{\376\377\0002\000.\0007\000.\0001\000.\0002\000\040\000a\000d\000d\000P\000a\000y\000l\000o\000a\000d\0002\000R\000e\000s\000p\000o\000n\000s\000e\000\050\000\051}{subsection.2.7.1}% 55
\BOOKMARK [3][-]{subsubsection.2.7.1.3}{\376\377\0002\000.\0007\000.\0001\000.\0003\000\040\000c\000r\000e\000a\000t\000e\000R\000e\000s\000p\000o\000n\000s\000e\000\050\000\051}{subsection.2.7.1}% 56
\BOOKMARK [3][-]{subsubsection.2.7.1.4}{\376\377\0002\000.\0007\000.\0001\000.\0004\000\040\000f\000r\000e\000e\000R\000e\000s\000p\000o\000n\000s\000e\000\050\000\051}{subsection.2.7.1}% 57
\BOOKMARK [3][-]{subsubsection.2.7.1.5}{\376\377\0002\000.\0007\000.\0001\000.\0005\000\040\000g\000e\000t\000C\000o\000n\000t\000e\000n\000t\000L\000e\000n\000g\000t\000h\000\050\000\051}{subsection.2.7.1}% 58
\BOOKMARK [3][-]{subsubsection.2.7.1.6}{\376\377\0002\000.\0007\000.\0001\000.\0006\000\040\000p\000r\000i\000n\000t\000R\000e\000s\000p\000o\000n\000s\000e\000\050\000\051}{subsection.2.7.1}% 59
\BOOKMARK [1][-]{section.2.8}{\376\377\0002\000.\0008\000\040\000s\000r\000c\000/\000u\000t\000i\000l\000s\000.\000c\000\040\000F\000i\000l\000e\000\040\000R\000e\000f\000e\000r\000e\000n\000c\000e}{chapter.2}% 60
\BOOKMARK [2][-]{subsection.2.8.1}{\376\377\0002\000.\0008\000.\0001\000\040\000F\000u\000n\000c\000t\000i\000o\000n\000\040\000D\000o\000c\000u\000m\000e\000n\000t\000a\000t\000i\000o\000n}{section.2.8}% 61
\BOOKMARK [3][-]{subsubsection.2.8.1.1}{\376\377\0002\000.\0008\000.\0001\000.\0001\000\040\000g\000e\000t\000D\000a\000t\000e\000\050\000\051}{subsection.2.8.1}% 62
\BOOKMARK [3][-]{subsubsection.2.8.1.2}{\376\377\0002\000.\0008\000.\0001\000.\0002\000\040\000g\000e\000t\000H\000T\000T\000P\000D\000a\000t\000e\000\050\000\051}{subsection.2.8.1}% 63
\BOOKMARK [3][-]{subsubsection.2.8.1.3}{\376\377\0002\000.\0008\000.\0001\000.\0003\000\040\000g\000e\000t\000L\000o\000g\000g\000e\000r\000D\000a\000t\000e\000\050\000\051}{subsection.2.8.1}% 64
\BOOKMARK [3][-]{subsubsection.2.8.1.4}{\376\377\0002\000.\0008\000.\0001\000.\0004\000\040\000g\000e\000t\000L\000o\000g\000g\000e\000r\000F\000i\000l\000e\000D\000a\000t\000e\000\050\000\051}{subsection.2.8.1}% 65
